gyp info it worked if it ends with ok
gyp info using node-gyp@10.0.1
gyp info using node@21.7.1 | darwin | arm64
gyp info find Python using Python version 3.12.2 found at "/opt/homebrew/opt/python@3.12/bin/python3.12"
gyp info spawn /opt/homebrew/opt/python@3.12/bin/python3.12
gyp info spawn args [
gyp info spawn args '/opt/homebrew/lib/node_modules/npm/node_modules/node-gyp/gyp/gyp_main.py',
gyp info spawn args 'binding.gyp',
gyp info spawn args '-f',
gyp info spawn args 'make',
gyp info spawn args '-I',
gyp info spawn args '/Users/dakshkhetarpaul/Desktop/URL_short/node_modules/bson-ext/build/config.gypi',
gyp info spawn args '-I',
gyp info spawn args '/opt/homebrew/lib/node_modules/npm/node_modules/node-gyp/addon.gypi',
gyp info spawn args '-I',
gyp info spawn args '/Users/dakshkhetarpaul/Library/Caches/node-gyp/21.7.1/include/node/common.gypi',
gyp info spawn args '-Dlibrary=shared_library',
gyp info spawn args '-Dvisibility=default',
gyp info spawn args '-Dnode_root_dir=/Users/dakshkhetarpaul/Library/Caches/node-gyp/21.7.1',
gyp info spawn args '-Dnode_gyp_dir=/opt/homebrew/lib/node_modules/npm/node_modules/node-gyp',
gyp info spawn args '-Dnode_lib_file=/Users/dakshkhetarpaul/Library/Caches/node-gyp/21.7.1/<(target_arch)/node.lib',
gyp info spawn args '-Dmodule_root_dir=/Users/dakshkhetarpaul/Desktop/URL_short/node_modules/bson-ext',
gyp info spawn args '-Dnode_engine=v8',
gyp info spawn args '--depth=.',
gyp info spawn args '--no-parallel',
gyp info spawn args '--generator-output',
gyp info spawn args 'build',
gyp info spawn args '-Goutput_dir=.'
gyp info spawn args ]
gyp info spawn make
gyp info spawn args [ 'BUILDTYPE=Release', '-C', 'build' ]
In file included from ../ext/bson.cc:36:
In file included from ../ext/bson.h:17:
In file included from ../../nan/nan.h:138:
../../nan/nan_callbacks.h:55:23: error: no member named 'AccessorSignature' in namespace 'v8'
typedef v8::Local<v8::AccessorSignature> Sig;
                  ~~~~^
In file included from ../ext/bson.cc:36:
In file included from ../ext/bson.h:17:
In file included from ../../nan/nan.h:182:
../../nan/nan_maybe_43_inl.h:89:15: error: no member named 'ForceSet' in 'v8::Object'
  return obj->ForceSet(GetCurrentContext(), key, value, attribs);
         ~~~~~^
../../nan/nan_maybe_43_inl.h:221:17: error: no member named 'CloneElementAt' in 'v8::Array'
  return array->CloneElementAt(GetCurrentContext(), index);
         ~~~~~~~^
In file included from ../ext/bson.cc:36:
In file included from ../ext/bson.h:17:
In file included from ../../nan/nan.h:187:
In file included from ../../nan/nan_converters.h:59:
../../nan/nan_converters_43_inl.h:18:1: error: no viable conversion from 'v8::Local<v8::Context>' to 'Isolate *'
X(Boolean)
^~~~~~~~~~
../../nan/nan_converters_43_inl.h:15:26: note: expanded from macro 'X'
  return val->To ## TYPE(GetCurrentContext());                                 \
                         ^~~~~~~~~~~~~~~~~~~
/Users/dakshkhetarpaul/Library/Caches/node-gyp/21.7.1/include/node/v8-value.h:422:37: note: passing argument to parameter 'isolate' here
  Local<Boolean> ToBoolean(Isolate* isolate) const;
                                    ^
In file included from ../ext/bson.cc:36:
In file included from ../ext/bson.h:17:
In file included from ../../nan/nan.h:187:
In file included from ../../nan/nan_converters.h:59:
../../nan/nan_converters_43_inl.h:34:1: error: no viable conversion from 'v8::Local<v8::Context>' to 'Isolate *'
X(bool, Boolean)
^~~~~~~~~~~~~~~~
../../nan/nan_converters_43_inl.h:31:29: note: expanded from macro 'X'
  return val->NAME ## Value(GetCurrentContext());                              \
                            ^~~~~~~~~~~~~~~~~~~
/Users/dakshkhetarpaul/Library/Caches/node-gyp/21.7.1/include/node/v8-value.h:432:30: note: passing argument to parameter 'isolate' here
  bool BooleanValue(Isolate* isolate) const;
                             ^
In file included from ../ext/bson.cc:36:
In file included from ../ext/bson.h:17:
In file included from ../../nan/nan.h:187:
In file included from ../../nan/nan_converters.h:59:
../../nan/nan_converters_43_inl.h:34:1: error: no viable conversion from returned value of type 'bool' to function return type 'imp::ToFactory<bool>::return_t' (aka 'Maybe<bool>')
X(bool, Boolean)
^~~~~~~~~~~~~~~~
../../nan/nan_converters_43_inl.h:31:10: note: expanded from macro 'X'
  return val->NAME ## Value(GetCurrentContext());                              \
         ^~~~~~~~~~~~~~~~~~~~~~~~~~~~~~~~~~~~~~~
/Users/dakshkhetarpaul/Library/Caches/node-gyp/21.7.1/include/node/v8-maybe.h:32:7: note: candidate constructor (the implicit copy constructor) not viable: no known conversion from 'bool' to 'const v8::Maybe<bool> &' for 1st argument
class Maybe {
      ^
/Users/dakshkhetarpaul/Library/Caches/node-gyp/21.7.1/include/node/v8-maybe.h:32:7: note: candidate constructor (the implicit move constructor) not viable: no known conversion from 'bool' to 'v8::Maybe<bool> &&' for 1st argument
/Users/dakshkhetarpaul/Library/Caches/node-gyp/21.7.1/include/node/v8-maybe.h:96:12: note: explicit constructor is not a candidate
  explicit Maybe(const T& t) : has_value_(true), value_(t) {}
           ^
/Users/dakshkhetarpaul/Library/Caches/node-gyp/21.7.1/include/node/v8-maybe.h:97:12: note: explicit constructor is not a candidate
  explicit Maybe(T&& t) : has_value_(true), value_(std::move(t)) {}
           ^
In file included from ../ext/bson.cc:36:
In file included from ../ext/bson.h:17:
In file included from ../../nan/nan.h:188:
In file included from ../../nan/nan_new.h:189:
../../nan/nan_implementation_12_inl.h:40:38: error: too few arguments to function call, expected 2, have 1
  return v8::BooleanObject::New(value).As<v8::BooleanObject>();
         ~~~~~~~~~~~~~~~~~~~~~~      ^
/Users/dakshkhetarpaul/Library/Caches/node-gyp/21.7.1/include/node/v8-primitive-object.h:61:23: note: 'New' declared here
  static Local<Value> New(Isolate* isolate, bool value);
                      ^
In file included from ../ext/bson.cc:36:
In file included from ../ext/bson.h:17:
In file included from ../../nan/nan.h:188:
In file included from ../../nan/nan_new.h:189:
../../nan/nan_implementation_12_inl.h:102:42: error: no viable conversion from 'v8::Isolate *' to 'Local<Context>'
  return scope.Escape(v8::Function::New( isolate
                                         ^~~~~~~
/Users/dakshkhetarpaul/Library/Caches/node-gyp/21.7.1/include/node/v8-local-handle.h:242:7: note: candidate constructor (the implicit copy constructor) not viable: no known conversion from 'v8::Isolate *' to 'const v8::Local<v8::Context> &' for 1st argument
class Local : public LocalBase<T> {
      ^
/Users/dakshkhetarpaul/Library/Caches/node-gyp/21.7.1/include/node/v8-local-handle.h:242:7: note: candidate constructor (the implicit move constructor) not viable: no known conversion from 'v8::Isolate *' to 'v8::Local<v8::Context> &&' for 1st argument
/Users/dakshkhetarpaul/Library/Caches/node-gyp/21.7.1/include/node/v8-local-handle.h:247:13: note: candidate template ignored: could not match 'Local<S>' against 'v8::Isolate *'
  V8_INLINE Local(Local<S> that) : LocalBase<T>(that) {
            ^
/Users/dakshkhetarpaul/Library/Caches/node-gyp/21.7.1/include/node/v8-local-handle.h:378:22: note: explicit constructor is not a candidate
  V8_INLINE explicit Local<T>(const LocalBase<T>& other)
                     ^
/Users/dakshkhetarpaul/Library/Caches/node-gyp/21.7.1/include/node/v8-function.h:33:22: note: passing argument to parameter 'context' here
      Local<Context> context, FunctionCallback callback,
                     ^
In file included from ../ext/bson.cc:36:
In file included from ../ext/bson.h:17:
In file included from ../../nan/nan.h:188:
In file included from ../../nan/nan_new.h:189:
../../nan/nan_implementation_12_inl.h:340:37: error: too few arguments to function call, expected 2, have 1
  return v8::StringObject::New(value).As<v8::StringObject>();
         ~~~~~~~~~~~~~~~~~~~~~      ^
/Users/dakshkhetarpaul/Library/Caches/node-gyp/21.7.1/include/node/v8-primitive-object.h:81:23: note: 'New' declared here
  static Local<Value> New(Isolate* isolate, Local<String> value);
                      ^
In file included from ../ext/bson.cc:36:
In file included from ../ext/bson.h:17:
../../nan/nan.h:590:20: error: no type named 'GCEpilogueCallback' in 'v8::Isolate'
      v8::Isolate::GCEpilogueCallback callback
      ~~~~~~~~~~~~~^
../../nan/nan.h:596:20: error: no type named 'GCEpilogueCallback' in 'v8::Isolate'
      v8::Isolate::GCEpilogueCallback callback) {
      ~~~~~~~~~~~~~^
../../nan/nan.h:601:20: error: no type named 'GCPrologueCallback' in 'v8::Isolate'
      v8::Isolate::GCPrologueCallback callback
      ~~~~~~~~~~~~~^
../../nan/nan.h:607:20: error: no type named 'GCPrologueCallback' in 'v8::Isolate'
      v8::Isolate::GCPrologueCallback callback) {
      ~~~~~~~~~~~~~^
../../nan/nan.h:800:18: warning: 'MakeCallback' is deprecated: Use MakeCallback(..., async_context) [-Wdeprecated-declarations]
    return node::MakeCallback(
                 ^
/Users/dakshkhetarpaul/Library/Caches/node-gyp/21.7.1/include/node/node.h:198:1: note: 'MakeCallback' has been explicitly marked deprecated here
NODE_DEPRECATED("Use MakeCallback(..., async_context)",
^
/Users/dakshkhetarpaul/Library/Caches/node-gyp/21.7.1/include/node/node.h:116:20: note: expanded from macro 'NODE_DEPRECATED'
    __attribute__((deprecated(message))) declarator
                   ^
In file included from ../ext/bson.cc:36:
In file included from ../ext/bson.h:17:
../../nan/nan.h:814:18: warning: 'MakeCallback' is deprecated: Use MakeCallback(..., async_context) [-Wdeprecated-declarations]
    return node::MakeCallback(
                 ^
/Users/dakshkhetarpaul/Library/Caches/node-gyp/21.7.1/include/node/node.h:191:1: note: 'MakeCallback' has been explicitly marked deprecated here
NODE_DEPRECATED("Use MakeCallback(..., async_context)",
^
/Users/dakshkhetarpaul/Library/Caches/node-gyp/21.7.1/include/node/node.h:116:20: note: expanded from macro 'NODE_DEPRECATED'
    __attribute__((deprecated(message))) declarator
                   ^
In file included from ../ext/bson.cc:36:
In file included from ../ext/bson.h:17:
../../nan/nan.h:828:18: warning: 'MakeCallback' is deprecated: Use MakeCallback(..., async_context) [-Wdeprecated-declarations]
    return node::MakeCallback(
                 ^
/Users/dakshkhetarpaul/Library/Caches/node-gyp/21.7.1/include/node/node.h:184:1: note: 'MakeCallback' has been explicitly marked deprecated here
NODE_DEPRECATED("Use MakeCallback(..., async_context)",
^
/Users/dakshkhetarpaul/Library/Caches/node-gyp/21.7.1/include/node/node.h:116:20: note: expanded from macro 'NODE_DEPRECATED'
    __attribute__((deprecated(message))) declarator
                   ^
In file included from ../ext/bson.cc:36:
In file included from ../ext/bson.h:17:
../../nan/nan.h:866:53: error: too few arguments to function call, single argument 'context' was not specified
      v8::Local<v8::String> string = from->ToString();
                                     ~~~~~~~~~~~~~~ ^
/Users/dakshkhetarpaul/Library/Caches/node-gyp/21.7.1/include/node/v8-value.h:384:44: note: 'ToString' declared here
  V8_WARN_UNUSED_RESULT MaybeLocal<String> ToString(
                                           ^
In file included from ../ext/bson.cc:36:
In file included from ../ext/bson.h:17:
../../nan/nan.h:866:29: error: no viable conversion from 'MaybeLocal<String>' to 'v8::Local<v8::String>'
      v8::Local<v8::String> string = from->ToString();
                            ^        ~~~~~~~~~~~~~~~~
/Users/dakshkhetarpaul/Library/Caches/node-gyp/21.7.1/include/node/v8-local-handle.h:242:7: note: candidate constructor (the implicit copy constructor) not viable: no known conversion from 'MaybeLocal<String>' to 'const v8::Local<v8::String> &' for 1st argument
class Local : public LocalBase<T> {
      ^
/Users/dakshkhetarpaul/Library/Caches/node-gyp/21.7.1/include/node/v8-local-handle.h:242:7: note: candidate constructor (the implicit move constructor) not viable: no known conversion from 'MaybeLocal<String>' to 'v8::Local<v8::String> &&' for 1st argument
/Users/dakshkhetarpaul/Library/Caches/node-gyp/21.7.1/include/node/v8-local-handle.h:247:13: note: candidate template ignored: could not match 'Local' against 'MaybeLocal'
  V8_INLINE Local(Local<S> that) : LocalBase<T>(that) {
            ^
/Users/dakshkhetarpaul/Library/Caches/node-gyp/21.7.1/include/node/v8-local-handle.h:378:22: note: explicit constructor is not a candidate
  V8_INLINE explicit Local<T>(const LocalBase<T>& other)
                     ^
In file included from ../ext/bson.cc:36:
In file included from ../ext/bson.h:17:
../../nan/nan.h:876:37: error: cannot initialize a parameter of type 'Isolate *' with an lvalue of type 'char *'
        length_ = string->WriteUtf8(str_, static_cast<int>(len), 0, flags);
                                    ^~~~
/Users/dakshkhetarpaul/Library/Caches/node-gyp/21.7.1/include/node/v8-primitive.h:203:26: note: passing argument to parameter 'isolate' here
  int WriteUtf8(Isolate* isolate, char* buffer, int length = -1,
                         ^
In file included from ../ext/bson.cc:36:
In file included from ../ext/bson.h:17:
../../nan/nan.h:1339:43: error: no matching member function for call to 'Get'
    v8::Local<v8::Value> a = New(handle)->Get(kCallbackIndex);
                             ~~~~~~~~~~~~~^~~
/Users/dakshkhetarpaul/Library/Caches/node-gyp/21.7.1/include/node/v8-object.h:298:43: note: candidate function not viable: requires 2 arguments, but 1 was provided
  V8_WARN_UNUSED_RESULT MaybeLocal<Value> Get(Local<Context> context,
                                          ^
/Users/dakshkhetarpaul/Library/Caches/node-gyp/21.7.1/include/node/v8-object.h:301:43: note: candidate function not viable: requires 2 arguments, but 1 was provided
  V8_WARN_UNUSED_RESULT MaybeLocal<Value> Get(Local<Context> context,
                                          ^
In file included from ../ext/bson.cc:36:
In file included from ../ext/bson.h:17:
../../nan/nan.h:1340:49: error: no matching member function for call to 'Get'
    v8::Local<v8::Value> b = New(other.handle)->Get(kCallbackIndex);
                             ~~~~~~~~~~~~~~~~~~~^~~
/Users/dakshkhetarpaul/Library/Caches/node-gyp/21.7.1/include/node/v8-object.h:298:43: note: candidate function not viable: requires 2 arguments, but 1 was provided
  V8_WARN_UNUSED_RESULT MaybeLocal<Value> Get(Local<Context> context,
                                          ^
/Users/dakshkhetarpaul/Library/Caches/node-gyp/21.7.1/include/node/v8-object.h:301:43: note: candidate function not viable: requires 2 arguments, but 1 was provided
  V8_WARN_UNUSED_RESULT MaybeLocal<Value> Get(Local<Context> context,
                                          ^
In file included from ../ext/bson.cc:36:
In file included from ../ext/bson.h:17:
../../nan/nan.h:1371:38: error: no matching member function for call to 'Get'
    return scope.Escape(New(handle)->Get(kCallbackIndex)
                        ~~~~~~~~~~~~~^~~
/Users/dakshkhetarpaul/Library/Caches/node-gyp/21.7.1/include/node/v8-object.h:298:43: note: candidate function not viable: requires 2 arguments, but 1 was provided
  V8_WARN_UNUSED_RESULT MaybeLocal<Value> Get(Local<Context> context,
                                          ^
/Users/dakshkhetarpaul/Library/Caches/node-gyp/21.7.1/include/node/v8-object.h:301:43: note: candidate function not viable: requires 2 arguments, but 1 was provided
  V8_WARN_UNUSED_RESULT MaybeLocal<Value> Get(Local<Context> context,
                                          ^
fatal error: too many errors emitted, stopping now [-ferror-limit=]
3 warnings and 20 errors generated.
make: *** [Release/obj.target/bson/ext/bson.o] Error 1
gyp ERR! build error 
gyp ERR! stack Error: `make` failed with exit code: 2
gyp ERR! stack at ChildProcess.<anonymous> (/opt/homebrew/lib/node_modules/npm/node_modules/node-gyp/lib/build.js:209:23)
gyp ERR! System Darwin 23.4.0
gyp ERR! command "/opt/homebrew/Cellar/node/21.7.1/bin/node" "/opt/homebrew/lib/node_modules/npm/node_modules/node-gyp/bin/node-gyp.js" "rebuild"
gyp ERR! cwd /Users/dakshkhetarpaul/Desktop/URL_short/node_modules/bson-ext
gyp ERR! node -v v21.7.1
gyp ERR! node-gyp -v v10.0.1
gyp ERR! not ok 
